Started GET "/" for ::1 at 2022-08-18 15:13:01 +0700
  [1m[35m (0.7ms)[0m  [1m[34mSELECT sqlite_version(*)[0m
Processing by Rails::WelcomeController#index as HTML
  Rendering /Users/bright/.rvm/gems/ruby-3.1.2@wp/gems/railties-7.0.3.1/lib/rails/templates/rails/welcome/index.html.erb
  Rendered /Users/bright/.rvm/gems/ruby-3.1.2@wp/gems/railties-7.0.3.1/lib/rails/templates/rails/welcome/index.html.erb (Duration: 0.8ms | Allocations: 657)
Completed 200 OK in 7ms (Views: 2.9ms | ActiveRecord: 0.0ms | Allocations: 5113)


Started GET "/" for ::1 at 2022-08-18 15:16:04 +0700
Processing by Rails::WelcomeController#index as HTML
  Rendering /Users/bright/.rvm/gems/ruby-3.1.2@wp/gems/railties-7.0.3.1/lib/rails/templates/rails/welcome/index.html.erb
  Rendered /Users/bright/.rvm/gems/ruby-3.1.2@wp/gems/railties-7.0.3.1/lib/rails/templates/rails/welcome/index.html.erb (Duration: 0.9ms | Allocations: 324)
Completed 200 OK in 3ms (Views: 2.1ms | ActiveRecord: 0.0ms | Allocations: 1052)


Started GET "/" for ::1 at 2022-08-18 15:44:27 +0700
  [1m[35m (0.2ms)[0m  [1m[34mSELECT sqlite_version(*)[0m
Processing by Rails::WelcomeController#index as HTML
  Rendering /Users/bright/.rvm/gems/ruby-3.1.2@wp/gems/railties-7.0.3.1/lib/rails/templates/rails/welcome/index.html.erb
  Rendered /Users/bright/.rvm/gems/ruby-3.1.2@wp/gems/railties-7.0.3.1/lib/rails/templates/rails/welcome/index.html.erb (Duration: 0.6ms | Allocations: 549)
Completed 200 OK in 3ms (Views: 1.3ms | ActiveRecord: 0.0ms | Allocations: 3790)


Started GET "/main" for ::1 at 2022-08-18 15:44:28 +0700
  
ActionController::RoutingError (No route matches [GET] "/main"):
  
Started GET "/main" for ::1 at 2022-08-18 15:44:56 +0700
  
ActionController::RoutingError (No route matches [GET] "/main"):
  
Started GET "/main" for ::1 at 2022-08-18 15:45:49 +0700
  
ActionController::RoutingError (No route matches [GET] "/main"):
  
Started GET "/main" for ::1 at 2022-08-18 15:47:38 +0700
  [1m[35m (0.3ms)[0m  [1m[34mSELECT sqlite_version(*)[0m
  
ActionController::RoutingError (No route matches [GET] "/main"):
  
Started GET "/" for ::1 at 2022-08-18 15:47:42 +0700
Processing by Rails::WelcomeController#index as HTML
  Rendering /Users/bright/.rvm/gems/ruby-3.1.2@wp/gems/railties-7.0.3.1/lib/rails/templates/rails/welcome/index.html.erb
  Rendered /Users/bright/.rvm/gems/ruby-3.1.2@wp/gems/railties-7.0.3.1/lib/rails/templates/rails/welcome/index.html.erb (Duration: 1.2ms | Allocations: 329)
Completed 200 OK in 7ms (Views: 2.4ms | ActiveRecord: 0.0ms | Allocations: 2404)


Started GET "/" for ::1 at 2022-08-18 15:47:49 +0700
Processing by Rails::WelcomeController#index as HTML
  Rendering /Users/bright/.rvm/gems/ruby-3.1.2@wp/gems/railties-7.0.3.1/lib/rails/templates/rails/welcome/index.html.erb
  Rendered /Users/bright/.rvm/gems/ruby-3.1.2@wp/gems/railties-7.0.3.1/lib/rails/templates/rails/welcome/index.html.erb (Duration: 2.0ms | Allocations: 324)
Completed 200 OK in 5ms (Views: 3.7ms | ActiveRecord: 0.0ms | Allocations: 1043)


Started GET "/main" for ::1 at 2022-08-18 15:47:51 +0700
  
ActionController::RoutingError (No route matches [GET] "/main"):
  
Started GET "/main/test" for ::1 at 2022-08-18 15:47:59 +0700
  
SyntaxError (/Users/bright/Documents/Study/3-1/Ruby/lect02/app/controllers/main_controller.rb:3: syntax error, unexpected ':', expecting =>
... plain: 'Hello world', status : :ok
...                              ^
):
  
app/controllers/main_controller.rb:3: syntax error, unexpected ':', expecting =>
app/controllers/main_controller.rb:3: syntax error, unexpected ':', expecting =>
app/controllers/main_controller.rb:3: syntax error, unexpected ':', expecting =>
Started GET "/main/test" for ::1 at 2022-08-18 15:48:51 +0700
Processing by MainController#test as HTML
  Rendering text template
  Rendered text template (Duration: 0.0ms | Allocations: 8)
Completed 200 OK in 1ms (Views: 1.0ms | Allocations: 780)


Started GET "/main/test" for ::1 at 2022-08-18 15:49:10 +0700
Processing by MainController#test as HTML
  Rendering text template
  Rendered text template (Duration: 0.0ms | Allocations: 3)
Completed 200 OK in 1ms (Views: 0.6ms | Allocations: 220)


Started GET "/main" for ::1 at 2022-08-18 15:49:11 +0700
  
ActionController::RoutingError (No route matches [GET] "/main"):
  
Started GET "/main" for ::1 at 2022-08-18 15:50:52 +0700
  
ArgumentError (Missing :controller key on routes definition, please check your routes.):
  
config/routes.rb:2:in `block in <main>'
config/routes.rb:1:in `<main>'
Started GET "/main" for ::1 at 2022-08-18 15:51:13 +0700
  
ArgumentError (Missing :controller key on routes definition, please check your routes.):
  
config/routes.rb:2:in `block in <main>'
config/routes.rb:1:in `<main>'
Started GET "/" for ::1 at 2022-08-23 21:06:02 +0700
  [1m[35m (0.3ms)[0m  [1m[34mSELECT sqlite_version(*)[0m
Processing by Rails::WelcomeController#index as HTML
  Rendering /Users/bright/.rvm/gems/ruby-3.1.2@wp/gems/railties-7.0.3.1/lib/rails/templates/rails/welcome/index.html.erb
  Rendered /Users/bright/.rvm/gems/ruby-3.1.2@wp/gems/railties-7.0.3.1/lib/rails/templates/rails/welcome/index.html.erb (Duration: 0.9ms | Allocations: 549)
Completed 200 OK in 9ms (Views: 2.1ms | ActiveRecord: 0.0ms | Allocations: 3790)


Started GET "/" for ::1 at 2022-08-23 21:11:05 +0700
Processing by Rails::WelcomeController#index as HTML
  Rendering /Users/bright/.rvm/gems/ruby-3.1.2@wp/gems/railties-7.0.3.1/lib/rails/templates/rails/welcome/index.html.erb
  Rendered /Users/bright/.rvm/gems/ruby-3.1.2@wp/gems/railties-7.0.3.1/lib/rails/templates/rails/welcome/index.html.erb (Duration: 4.8ms | Allocations: 324)
Completed 200 OK in 10ms (Views: 7.7ms | ActiveRecord: 0.0ms | Allocations: 1053)


Started GET "/" for ::1 at 2022-08-23 21:11:26 +0700
Processing by Rails::WelcomeController#index as HTML
  Rendering /Users/bright/.rvm/gems/ruby-3.1.2@wp/gems/railties-7.0.3.1/lib/rails/templates/rails/welcome/index.html.erb
  Rendered /Users/bright/.rvm/gems/ruby-3.1.2@wp/gems/railties-7.0.3.1/lib/rails/templates/rails/welcome/index.html.erb (Duration: 0.9ms | Allocations: 324)
Completed 200 OK in 3ms (Views: 2.0ms | ActiveRecord: 0.0ms | Allocations: 1041)


Started GET "/" for ::1 at 2022-08-23 21:26:02 +0700
  [1m[35m (0.3ms)[0m  [1m[34mSELECT sqlite_version(*)[0m
Processing by Rails::WelcomeController#index as HTML
  Rendering /Users/bright/.rvm/gems/ruby-3.1.2@wp/gems/railties-7.0.3.1/lib/rails/templates/rails/welcome/index.html.erb
  Rendered /Users/bright/.rvm/gems/ruby-3.1.2@wp/gems/railties-7.0.3.1/lib/rails/templates/rails/welcome/index.html.erb (Duration: 0.7ms | Allocations: 549)
Completed 200 OK in 6ms (Views: 1.9ms | ActiveRecord: 0.0ms | Allocations: 3790)


Started GET "/" for ::1 at 2022-08-23 21:26:20 +0700
  
SyntaxError (/Users/bright/Documents/Study/3-1/Ruby/lect02/config/routes.rb:2: syntax error, unexpected local variable or method, expecting `end'
  get '' to: "main#test";
         ^~
):
  
config/routes.rb:2: syntax error, unexpected local variable or method, expecting `end'
config/routes.rb:2: syntax error, unexpected local variable or method, expecting `end'
config/routes.rb:2: syntax error, unexpected local variable or method, expecting `end'
Started GET "/" for ::1 at 2022-08-23 21:26:50 +0700
Processing by MainController#test as HTML
Completed 500 Internal Server Error in 3ms (Allocations: 1701)


  
ActionView::MissingTemplate (Missing template ../views/layouts/index.html with {:locale=>[:en], :formats=>[:html], :variants=>[], :handlers=>[:raw, :erb, :html, :builder, :ruby, :jbuilder]}.

Searched in:
  * "/Users/bright/Documents/Study/3-1/Ruby/lect02/app/views"
  * "/Users/bright/.rvm/gems/ruby-3.1.2@wp/gems/actiontext-7.0.3.1/app/views"
  * "/Users/bright/.rvm/gems/ruby-3.1.2@wp/gems/actionmailbox-7.0.3.1/app/views"

Did you mean?  rails/conductor/action_mailbox/inbound_emails/index
               layouts/index
               rails/conductor/action_mailbox/inbound_emails/new
               rails/conductor/action_mailbox/inbound_emails/sources/new
               layouts/rails/conductor
               main/test):
  
app/controllers/main_controller.rb:3:in `test'
Started GET "/" for ::1 at 2022-08-23 21:27:12 +0700
Processing by MainController#test as HTML
Completed 500 Internal Server Error in 4ms (Allocations: 1544)


  
ActionView::MissingTemplate (Missing template ../views/layouts/index.html with {:locale=>[:en], :formats=>[:html], :variants=>[], :handlers=>[:raw, :erb, :html, :builder, :ruby, :jbuilder]}.

Searched in:
  * "/Users/bright/Documents/Study/3-1/Ruby/lect02/app/views"
  * "/Users/bright/.rvm/gems/ruby-3.1.2@wp/gems/actiontext-7.0.3.1/app/views"
  * "/Users/bright/.rvm/gems/ruby-3.1.2@wp/gems/actionmailbox-7.0.3.1/app/views"

Did you mean?  rails/conductor/action_mailbox/inbound_emails/index
               layouts/index
               rails/conductor/action_mailbox/inbound_emails/new
               rails/conductor/action_mailbox/inbound_emails/sources/new
               layouts/rails/conductor
               main/test):
  
app/controllers/main_controller.rb:3:in `test'
Started GET "/" for ::1 at 2022-08-23 21:27:27 +0700
Processing by MainController#test as HTML
Completed 500 Internal Server Error in 5ms (Allocations: 1498)


  
ActionView::MissingTemplate (Missing template ../views/layouts/index.html.erb with {:locale=>[:en], :formats=>[:html], :variants=>[], :handlers=>[:raw, :erb, :html, :builder, :ruby, :jbuilder]}.

Searched in:
  * "/Users/bright/Documents/Study/3-1/Ruby/lect02/app/views"
  * "/Users/bright/.rvm/gems/ruby-3.1.2@wp/gems/actiontext-7.0.3.1/app/views"
  * "/Users/bright/.rvm/gems/ruby-3.1.2@wp/gems/actionmailbox-7.0.3.1/app/views"

Did you mean?  rails/conductor/action_mailbox/inbound_emails/index
               layouts/index
               layouts/rails/conductor
               rails/conductor/action_mailbox/inbound_emails/new
               rails/conductor/action_mailbox/inbound_emails/sources/new
               main/test):
  
app/controllers/main_controller.rb:3:in `test'
Started GET "/" for ::1 at 2022-08-23 21:31:54 +0700
Processing by MainController#test as HTML
Completed 500 Internal Server Error in 3ms (Allocations: 872)


  
ArgumentError (`render file:` should be given the absolute path to a file. '../views/layouts/index.html.erb' was given instead):
  
app/controllers/main_controller.rb:3:in `test'
Started GET "/" for ::1 at 2022-08-23 21:32:38 +0700
Processing by MainController#test as HTML
Completed 500 Internal Server Error in 2ms (Allocations: 888)


  
ArgumentError (`render file:` should be given the absolute path to a file. '../views/layouts/index' was given instead):
  
app/controllers/main_controller.rb:3:in `test'
Started GET "/" for ::1 at 2022-08-23 21:33:02 +0700
Processing by MainController#test as HTML
Completed 500 Internal Server Error in 3ms (Allocations: 914)


  
ArgumentError (`render file:` should be given the absolute path to a file. 'app/views/layouts/index' was given instead):
  
app/controllers/main_controller.rb:3:in `test'
Started GET "/" for ::1 at 2022-08-23 21:33:46 +0700
Processing by MainController#test as HTML
  Rendering layout layouts/application.html.erb
  Rendering layouts/index.html within layouts/application
  Rendered layouts/index.html within layouts/application (Duration: 0.2ms | Allocations: 7)
  Rendered layout layouts/application.html.erb (Duration: 890.0ms | Allocations: 90887)
Completed 200 OK in 893ms (Views: 892.4ms | Allocations: 91862)


Started GET "/" for ::1 at 2022-08-23 21:36:24 +0700
Processing by MainController#test as HTML
  Rendering layout layouts/application.html.erb
  Rendering layouts/index.html within layouts/application
  Rendered layouts/index.html within layouts/application (Duration: 0.2ms | Allocations: 6)
  Rendered layout layouts/application.html.erb (Duration: 6.8ms | Allocations: 2885)
Completed 200 OK in 19ms (Views: 17.5ms | Allocations: 3665)


Started GET "/" for ::1 at 2022-08-23 21:38:40 +0700
Processing by MainController#test as HTML
  Rendering layout layouts/application.html.erb
  Rendering layouts/index.html within layouts/application
  Rendered layouts/index.html within layouts/application (Duration: 0.0ms | Allocations: 6)
  Rendered layout layouts/application.html.erb (Duration: 19.9ms | Allocations: 2868)
Completed 200 OK in 25ms (Views: 23.3ms | Allocations: 3647)


Started GET "/" for ::1 at 2022-08-23 21:39:13 +0700
  
NoMethodError (undefined method `action_encoding_template' for MainController:Class

          request.controller_class_for(controller).action_encoding_template(action)
                                                  ^^^^^^^^^^^^^^^^^^^^^^^^^):
  
actionpack (7.0.3.1) lib/action_dispatch/request/utils.rb:95:in `action_encoding_template'
actionpack (7.0.3.1) lib/action_dispatch/request/utils.rb:83:in `encode'
actionpack (7.0.3.1) lib/action_dispatch/request/utils.rb:45:in `set_binary_encoding'
actionpack (7.0.3.1) lib/action_dispatch/http/parameters.rb:68:in `path_parameters='
actionpack (7.0.3.1) lib/action_dispatch/journey/router.rb:48:in `block in serve'
actionpack (7.0.3.1) lib/action_dispatch/journey/router.rb:32:in `each'
actionpack (7.0.3.1) lib/action_dispatch/journey/router.rb:32:in `serve'
actionpack (7.0.3.1) lib/action_dispatch/routing/route_set.rb:852:in `call'
rack (2.2.4) lib/rack/tempfile_reaper.rb:15:in `call'
rack (2.2.4) lib/rack/etag.rb:27:in `call'
rack (2.2.4) lib/rack/conditional_get.rb:27:in `call'
rack (2.2.4) lib/rack/head.rb:12:in `call'
actionpack (7.0.3.1) lib/action_dispatch/http/permissions_policy.rb:38:in `call'
actionpack (7.0.3.1) lib/action_dispatch/http/content_security_policy.rb:36:in `call'
rack (2.2.4) lib/rack/session/abstract/id.rb:266:in `context'
rack (2.2.4) lib/rack/session/abstract/id.rb:260:in `call'
actionpack (7.0.3.1) lib/action_dispatch/middleware/cookies.rb:697:in `call'
activerecord (7.0.3.1) lib/active_record/migration.rb:603:in `call'
actionpack (7.0.3.1) lib/action_dispatch/middleware/callbacks.rb:27:in `block in call'
activesupport (7.0.3.1) lib/active_support/callbacks.rb:99:in `run_callbacks'
actionpack (7.0.3.1) lib/action_dispatch/middleware/callbacks.rb:26:in `call'
actionpack (7.0.3.1) lib/action_dispatch/middleware/executor.rb:14:in `call'
actionpack (7.0.3.1) lib/action_dispatch/middleware/actionable_exceptions.rb:17:in `call'
actionpack (7.0.3.1) lib/action_dispatch/middleware/debug_exceptions.rb:28:in `call'
web-console (4.2.0) lib/web_console/middleware.rb:132:in `call_app'
web-console (4.2.0) lib/web_console/middleware.rb:28:in `block in call'
web-console (4.2.0) lib/web_console/middleware.rb:17:in `catch'
web-console (4.2.0) lib/web_console/middleware.rb:17:in `call'
actionpack (7.0.3.1) lib/action_dispatch/middleware/show_exceptions.rb:26:in `call'
railties (7.0.3.1) lib/rails/rack/logger.rb:40:in `call_app'
railties (7.0.3.1) lib/rails/rack/logger.rb:25:in `block in call'
activesupport (7.0.3.1) lib/active_support/tagged_logging.rb:114:in `block in tagged'
activesupport (7.0.3.1) lib/active_support/tagged_logging.rb:38:in `tagged'
activesupport (7.0.3.1) lib/active_support/tagged_logging.rb:114:in `tagged'
railties (7.0.3.1) lib/rails/rack/logger.rb:25:in `call'
sprockets-rails (3.4.2) lib/sprockets/rails/quiet_assets.rb:13:in `call'
actionpack (7.0.3.1) lib/action_dispatch/middleware/remote_ip.rb:93:in `call'
actionpack (7.0.3.1) lib/action_dispatch/middleware/request_id.rb:26:in `call'
rack (2.2.4) lib/rack/method_override.rb:24:in `call'
rack (2.2.4) lib/rack/runtime.rb:22:in `call'
activesupport (7.0.3.1) lib/active_support/cache/strategy/local_cache_middleware.rb:29:in `call'
actionpack (7.0.3.1) lib/action_dispatch/middleware/server_timing.rb:20:in `call'
actionpack (7.0.3.1) lib/action_dispatch/middleware/executor.rb:14:in `call'
actionpack (7.0.3.1) lib/action_dispatch/middleware/static.rb:23:in `call'
rack (2.2.4) lib/rack/sendfile.rb:110:in `call'
actionpack (7.0.3.1) lib/action_dispatch/middleware/host_authorization.rb:137:in `call'
railties (7.0.3.1) lib/rails/engine.rb:530:in `call'
puma (5.6.4) lib/puma/configuration.rb:252:in `call'
puma (5.6.4) lib/puma/request.rb:77:in `block in handle_request'
puma (5.6.4) lib/puma/thread_pool.rb:340:in `with_force_shutdown'
puma (5.6.4) lib/puma/request.rb:76:in `handle_request'
puma (5.6.4) lib/puma/server.rb:441:in `process_client'
puma (5.6.4) lib/puma/thread_pool.rb:147:in `block in spawn_thread'
Started GET "/" for ::1 at 2022-08-23 21:39:20 +0700
Processing by MainController#test as HTML
  Rendering layout layouts/application.html.erb
  Rendering layouts/index.html within layouts/application
  Rendered layouts/index.html within layouts/application (Duration: 0.8ms | Allocations: 6)
  Rendered layout layouts/application.html.erb (Duration: 49.7ms | Allocations: 14295)
Completed 200 OK in 52ms (Views: 51.5ms | Allocations: 14916)


Started GET "/" for ::1 at 2022-08-23 21:39:29 +0700
Processing by MainController#test as HTML
  Rendering layout layouts/application.html.erb
  Rendering layouts/index.html within layouts/application
  Rendered layouts/index.html within layouts/application (Duration: 0.2ms | Allocations: 6)
  Rendered layout layouts/application.html.erb (Duration: 3.4ms | Allocations: 2859)
Completed 200 OK in 6ms (Views: 5.3ms | Allocations: 3637)


Started GET "/" for ::1 at 2022-08-23 21:39:49 +0700
Processing by MainController#test as HTML
  Rendering layout layouts/application.html.erb
  Rendering layouts/index.html within layouts/application
  Rendered layouts/index.html within layouts/application (Duration: 0.2ms | Allocations: 6)
  Rendered layout layouts/application.html.erb (Duration: 3.9ms | Allocations: 2850)
Completed 200 OK in 6ms (Views: 5.5ms | Allocations: 3629)


Started GET "/" for ::1 at 2022-08-23 21:40:54 +0700
Processing by MainController#test as HTML
  Rendering layout layouts/application.html.erb
  Rendering layouts/index.html within layouts/application
  Rendered layouts/index.html within layouts/application (Duration: 0.1ms | Allocations: 6)
  Rendered layout layouts/application.html.erb (Duration: 10.5ms | Allocations: 2878)
Completed 200 OK in 26ms (Views: 22.4ms | Allocations: 3656)


Started GET "/" for ::1 at 2022-08-23 21:41:12 +0700
Processing by MainController#test as HTML
  Rendering layout layouts/application.html.erb
  Rendering layouts/index.html within layouts/application
  Rendered layouts/index.html within layouts/application (Duration: 0.1ms | Allocations: 6)
  Rendered layout layouts/application.html.erb (Duration: 7.6ms | Allocations: 2852)
Completed 200 OK in 10ms (Views: 9.6ms | Allocations: 3630)


Started GET "/" for ::1 at 2022-08-23 21:44:28 +0700
Processing by MainController#test as HTML
  Rendering layout layouts/application.html.erb
  Rendering layouts/index.html within layouts/application
  Rendered layouts/index.html within layouts/application (Duration: 0.2ms | Allocations: 6)
  Rendered layout layouts/application.html.erb (Duration: 17.2ms | Allocations: 2865)
Completed 200 OK in 27ms (Views: 24.9ms | Allocations: 3644)


Started GET "/" for ::1 at 2022-08-23 21:45:52 +0700
Processing by MainController#test as HTML
  Rendering layout layouts/application.html.erb
  Rendering layouts/index.html within layouts/application
  Rendered layouts/index.html within layouts/application (Duration: 0.1ms | Allocations: 6)
  Rendered layout layouts/application.html.erb (Duration: 10.0ms | Allocations: 2855)
Completed 200 OK in 21ms (Views: 19.5ms | Allocations: 3633)


Started GET "/" for ::1 at 2022-08-23 21:47:49 +0700
Processing by MainController#test as HTML
  Rendering layout layouts/application.html.erb
  Rendering layouts/index.html within layouts/application
  Rendered layouts/index.html within layouts/application (Duration: 0.1ms | Allocations: 6)
  Rendered layout layouts/application.html.erb (Duration: 13.3ms | Allocations: 2864)
Completed 200 OK in 30ms (Views: 28.5ms | Allocations: 3642)


Started GET "/" for ::1 at 2022-08-23 21:48:06 +0700
Processing by MainController#test as HTML
  Rendering layout layouts/application.html.erb
  Rendering layouts/index.html within layouts/application
  Rendered layouts/index.html within layouts/application (Duration: 0.1ms | Allocations: 6)
  Rendered layout layouts/application.html.erb (Duration: 14.2ms | Allocations: 2852)
Completed 200 OK in 25ms (Views: 20.9ms | Allocations: 3630)


Started GET "/" for ::1 at 2022-08-23 21:48:14 +0700
Processing by MainController#test as HTML
  Rendering layout layouts/application.html.erb
  Rendering layouts/index.html within layouts/application
  Rendered layouts/index.html within layouts/application (Duration: 0.0ms | Allocations: 6)
  Rendered layout layouts/application.html.erb (Duration: 2.5ms | Allocations: 2852)
Completed 200 OK in 5ms (Views: 4.6ms | Allocations: 3630)


Started GET "/" for ::1 at 2022-08-23 21:52:01 +0700
Processing by MainController#test as HTML
  Rendering layout layouts/application.html.erb
  Rendering layouts/index.html within layouts/application
  Rendered layouts/index.html within layouts/application (Duration: 0.1ms | Allocations: 6)
  Rendered layout layouts/application.html.erb (Duration: 18.4ms | Allocations: 2858)
Completed 200 OK in 26ms (Views: 24.3ms | Allocations: 3636)


Started GET "/" for ::1 at 2022-08-23 21:52:18 +0700
Processing by MainController#test as HTML
  Rendering layout layouts/application.html.erb
  Rendering layouts/index.html within layouts/application
  Rendered layouts/index.html within layouts/application (Duration: 0.0ms | Allocations: 6)
  Rendered layout layouts/application.html.erb (Duration: 16.3ms | Allocations: 2855)
Completed 200 OK in 19ms (Views: 18.7ms | Allocations: 3633)


Started GET "/" for ::1 at 2022-08-23 21:52:33 +0700
Processing by MainController#test as HTML
  Rendering layout layouts/application.html.erb
  Rendering layouts/index.html within layouts/application
  Rendered layouts/index.html within layouts/application (Duration: 0.2ms | Allocations: 6)
  Rendered layout layouts/application.html.erb (Duration: 18.7ms | Allocations: 2871)
Completed 200 OK in 32ms (Views: 30.6ms | Allocations: 3649)


Started GET "/" for ::1 at 2022-08-23 21:53:01 +0700
Processing by MainController#test as HTML
  Rendering layout layouts/application.html.erb
  Rendering layouts/index.html within layouts/application
  Rendered layouts/index.html within layouts/application (Duration: 0.1ms | Allocations: 6)
  Rendered layout layouts/application.html.erb (Duration: 20.9ms | Allocations: 2855)
Completed 200 OK in 30ms (Views: 25.6ms | Allocations: 3633)


Started GET "/" for ::1 at 2022-08-23 22:00:36 +0700
Processing by MainController#test as HTML
  Rendering layout layouts/application.html.erb
  Rendering layouts/index.html within layouts/application
  Rendered layouts/index.html within layouts/application (Duration: 0.1ms | Allocations: 6)
  Rendered layout layouts/application.html.erb (Duration: 33.6ms | Allocations: 2867)
Completed 200 OK in 51ms (Views: 48.8ms | Allocations: 3651)


Started GET "/puclic/IMG_0740.JPG" for ::1 at 2022-08-23 22:00:36 +0700
  
ActionController::RoutingError (No route matches [GET] "/puclic/IMG_0740.JPG"):
  
Started GET "/" for ::1 at 2022-08-23 22:00:52 +0700
Processing by MainController#test as HTML
  Rendering layout layouts/application.html.erb
  Rendering layouts/index.html within layouts/application
  Rendered layouts/index.html within layouts/application (Duration: 0.0ms | Allocations: 6)
  Rendered layout layouts/application.html.erb (Duration: 20.7ms | Allocations: 2873)
Completed 200 OK in 25ms (Views: 24.6ms | Allocations: 3652)


Started GET "/puclic/IMG_0740.JPG" for ::1 at 2022-08-23 22:00:53 +0700
  
ActionController::RoutingError (No route matches [GET] "/puclic/IMG_0740.JPG"):
  
Started GET "/" for ::1 at 2022-08-23 22:01:10 +0700
Processing by MainController#test as HTML
  Rendering layout layouts/application.html.erb
  Rendering layouts/index.html within layouts/application
  Rendered layouts/index.html within layouts/application (Duration: 0.0ms | Allocations: 6)
  Rendered layout layouts/application.html.erb (Duration: 19.2ms | Allocations: 2858)
Completed 200 OK in 25ms (Views: 23.6ms | Allocations: 3635)


Started GET "/app/puclic/IMG_0740.JPG" for ::1 at 2022-08-23 22:01:11 +0700
  
ActionController::RoutingError (No route matches [GET] "/app/puclic/IMG_0740.JPG"):
  
Started GET "/" for ::1 at 2022-08-23 22:02:08 +0700
Processing by MainController#test as HTML
  Rendering layout layouts/application.html.erb
  Rendering layouts/index.html within layouts/application
  Rendered layouts/index.html within layouts/application (Duration: 0.1ms | Allocations: 6)
  Rendered layout layouts/application.html.erb (Duration: 16.7ms | Allocations: 2867)
Completed 200 OK in 24ms (Views: 23.5ms | Allocations: 3644)


Started GET "/public/IMG_0740.JPG" for ::1 at 2022-08-23 22:02:08 +0700
  
ActionController::RoutingError (No route matches [GET] "/public/IMG_0740.JPG"):
  
Started GET "/" for ::1 at 2022-08-23 22:03:06 +0700
Processing by MainController#test as HTML
  Rendering layout layouts/application.html.erb
  Rendering layouts/index.html within layouts/application
  Rendered layouts/index.html within layouts/application (Duration: 0.1ms | Allocations: 6)
  Rendered layout layouts/application.html.erb (Duration: 20.5ms | Allocations: 2877)
Completed 200 OK in 26ms (Views: 24.7ms | Allocations: 3654)


Started GET "/public/myimg.jpg" for ::1 at 2022-08-23 22:03:07 +0700
  
ActionController::RoutingError (No route matches [GET] "/public/myimg.jpg"):
  
Started GET "/" for ::1 at 2022-08-23 22:03:18 +0700
Processing by MainController#test as HTML
  Rendering layout layouts/application.html.erb
  Rendering layouts/index.html within layouts/application
  Rendered layouts/index.html within layouts/application (Duration: 0.1ms | Allocations: 6)
  Rendered layout layouts/application.html.erb (Duration: 5.7ms | Allocations: 2879)
Completed 200 OK in 9ms (Views: 8.7ms | Allocations: 3656)


Started GET "/app/public/myimg.jpg" for ::1 at 2022-08-23 22:03:18 +0700
  
ActionController::RoutingError (No route matches [GET] "/app/public/myimg.jpg"):
  
Started GET "/" for ::1 at 2022-08-23 22:03:30 +0700
Processing by MainController#test as HTML
  Rendering layout layouts/application.html.erb
  Rendering layouts/index.html within layouts/application
  Rendered layouts/index.html within layouts/application (Duration: 0.1ms | Allocations: 6)
  Rendered layout layouts/application.html.erb (Duration: 21.8ms | Allocations: 2876)
Completed 200 OK in 29ms (Views: 27.7ms | Allocations: 3653)


Started GET "/app/public/myimg.jpg" for ::1 at 2022-08-23 22:03:31 +0700
  
ActionController::RoutingError (No route matches [GET] "/app/public/myimg.jpg"):
  
Started GET "/" for ::1 at 2022-08-23 22:03:43 +0700
Processing by MainController#test as HTML
  Rendering layout layouts/application.html.erb
  Rendering layouts/index.html within layouts/application
  Rendered layouts/index.html within layouts/application (Duration: 0.0ms | Allocations: 6)
  Rendered layout layouts/application.html.erb (Duration: 28.1ms | Allocations: 2886)
Completed 200 OK in 32ms (Views: 31.2ms | Allocations: 3663)


Started GET "/app/public/myimg.jpg" for ::1 at 2022-08-23 22:03:44 +0700
  
ActionController::RoutingError (No route matches [GET] "/app/public/myimg.jpg"):
  
Started GET "/" for ::1 at 2022-08-23 22:04:30 +0700
Processing by MainController#test as HTML
  Rendering layout layouts/application.html.erb
  Rendering layouts/index.html within layouts/application
  Rendered layouts/index.html within layouts/application (Duration: 0.0ms | Allocations: 6)
  Rendered layout layouts/application.html.erb (Duration: 11.5ms | Allocations: 2871)
Completed 200 OK in 15ms (Views: 14.0ms | Allocations: 3647)


Started GET "/app/public/myimg.jpg" for ::1 at 2022-08-23 22:04:30 +0700
  
ActionController::RoutingError (No route matches [GET] "/app/public/myimg.jpg"):
  
Started GET "/" for ::1 at 2022-08-23 22:04:57 +0700
Processing by MainController#test as HTML
  Rendering layout layouts/application.html.erb
  Rendering layouts/index.html within layouts/application
  Rendered layouts/index.html within layouts/application (Duration: 0.0ms | Allocations: 6)
  Rendered layout layouts/application.html.erb (Duration: 7.5ms | Allocations: 2876)
Completed 200 OK in 15ms (Views: 13.6ms | Allocations: 3652)


Started GET "/public/myimg.jpg" for ::1 at 2022-08-23 22:04:57 +0700
  
ActionController::RoutingError (No route matches [GET] "/public/myimg.jpg"):
  
Started GET "/" for ::1 at 2022-08-23 22:05:07 +0700
Processing by MainController#test as HTML
  Rendering layout layouts/application.html.erb
  Rendering layouts/index.html within layouts/application
  Rendered layouts/index.html within layouts/application (Duration: 0.1ms | Allocations: 6)
  Rendered layout layouts/application.html.erb (Duration: 15.5ms | Allocations: 2858)
Completed 200 OK in 29ms (Views: 27.5ms | Allocations: 3634)


Started GET "/public/myimg.jpg" for ::1 at 2022-08-23 22:05:07 +0700
  
ActionController::RoutingError (No route matches [GET] "/public/myimg.jpg"):
  
Started GET "/" for ::1 at 2022-08-23 22:05:16 +0700
Processing by MainController#test as HTML
  Rendering layout layouts/application.html.erb
  Rendering layouts/index.html within layouts/application
  Rendered layouts/index.html within layouts/application (Duration: 0.0ms | Allocations: 6)
  Rendered layout layouts/application.html.erb (Duration: 4.4ms | Allocations: 2868)
Completed 200 OK in 6ms (Views: 6.1ms | Allocations: 3645)


Started GET "/public/myimg.jpg" for ::1 at 2022-08-23 22:05:16 +0700
  
ActionController::RoutingError (No route matches [GET] "/public/myimg.jpg"):
  
Started GET "/" for ::1 at 2022-08-23 22:05:25 +0700
Processing by MainController#test as HTML
  Rendering layout layouts/application.html.erb
  Rendering layouts/index.html within layouts/application
  Rendered layouts/index.html within layouts/application (Duration: 0.0ms | Allocations: 6)
  Rendered layout layouts/application.html.erb (Duration: 13.7ms | Allocations: 2879)
Completed 200 OK in 22ms (Views: 20.4ms | Allocations: 3655)


Started GET "/public/myimg.jpg" for ::1 at 2022-08-23 22:05:25 +0700
  
ActionController::RoutingError (No route matches [GET] "/public/myimg.jpg"):
  
Started GET "/" for ::1 at 2022-08-23 22:05:32 +0700
Processing by MainController#test as HTML
  Rendering layout layouts/application.html.erb
  Rendering layouts/index.html within layouts/application
  Rendered layouts/index.html within layouts/application (Duration: 0.0ms | Allocations: 6)
  Rendered layout layouts/application.html.erb (Duration: 4.1ms | Allocations: 2876)
Completed 200 OK in 6ms (Views: 5.7ms | Allocations: 3652)


Started GET "/" for ::1 at 2022-08-23 22:06:43 +0700
Processing by MainController#test as HTML
  Rendering layout layouts/application.html.erb
  Rendering layouts/index.html within layouts/application
  Rendered layouts/index.html within layouts/application (Duration: 0.1ms | Allocations: 6)
  Rendered layout layouts/application.html.erb (Duration: 30.0ms | Allocations: 2867)
Completed 200 OK in 34ms (Views: 33.7ms | Allocations: 3646)


Started GET "/" for ::1 at 2022-08-23 22:09:05 +0700
Processing by MainController#test as HTML
  Rendering layout layouts/application.html.erb
  Rendering layouts/index.html within layouts/application
  Rendered layouts/index.html within layouts/application (Duration: 0.2ms | Allocations: 6)
  Rendered layout layouts/application.html.erb (Duration: 27.1ms | Allocations: 2862)
Completed 200 OK in 36ms (Views: 33.8ms | Allocations: 3641)


Started GET "/" for ::1 at 2022-08-23 22:09:44 +0700
Processing by MainController#test as HTML
  Rendering layout layouts/application.html.erb
  Rendering layouts/index.html within layouts/application
  Rendered layouts/index.html within layouts/application (Duration: 0.1ms | Allocations: 6)
  Rendered layout layouts/application.html.erb (Duration: 17.3ms | Allocations: 2848)
Completed 200 OK in 24ms (Views: 21.7ms | Allocations: 3626)


Started GET "/" for ::1 at 2022-08-23 22:27:54 +0700
  [1m[35m (7.5ms)[0m  [1m[34mSELECT sqlite_version(*)[0m
Processing by MainController#test as HTML
  Rendering layout layouts/application.html.erb
  Rendering layouts/index.html within layouts/application
  Rendered layouts/index.html within layouts/application (Duration: 0.3ms | Allocations: 9)
  Rendered layout layouts/application.html.erb (Duration: 196.2ms | Allocations: 92297)
Completed 200 OK in 218ms (Views: 214.9ms | ActiveRecord: 0.0ms | Allocations: 96996)


Started GET "/" for ::1 at 2022-08-23 22:27:59 +0700
Processing by MainController#test as HTML
  Rendering layout layouts/application.html.erb
  Rendering layouts/index.html within layouts/application
  Rendered layouts/index.html within layouts/application (Duration: 0.1ms | Allocations: 6)
  Rendered layout layouts/application.html.erb (Duration: 5.4ms | Allocations: 2469)
Completed 200 OK in 7ms (Views: 6.5ms | ActiveRecord: 0.0ms | Allocations: 2788)


